[ 2012-12-28T14:15:00+08:00 ] 127.0.0.1 /
INFO: [ app_begin ] --START--
INFO: Run ReadHtmlCache Behavior [ RunTime:0.045616s ]
INFO: [ app_begin ] --END-- [ RunTime:0.045773s ]
SQL: SHOW COLUMNS FROM `list` [ RunTime:0.216553s ]
SQL: select * from list where id in(97,279) and isShow=1 [ RunTime:0.060517s ]
INFO: [ view_template ] --START--
INFO: Run LocationTemplate Behavior [ RunTime:-0.842413s ]
INFO: [ view_template ] --END-- [ RunTime:0.091012s ]
INFO: [ view_parse ] --START--
INFO: Run ParseTemplate Behavior [ RunTime:-0.933515s ]
INFO: [ view_parse ] --END-- [ RunTime:0.313294s ]
INFO: [ view_filter ] --START--
INFO: Run ContentReplace Behavior [ RunTime:-1.246911s ]
INFO: Run TokenBuild Behavior [ RunTime:-1.343617s ]
INFO: Run WriteHtmlCache Behavior [ RunTime:-1.463965s ]
INFO: Run ShowRuntime Behavior [ RunTime:-1.522253s ]
INFO: [ view_filter ] --END-- [ RunTime:0.337712s ]
INFO: [ view_end ] --START--
INFO: Run ShowPageTrace Behavior [ RunTime:-1.584875s ]
INFO: [ view_end ] --END-- [ RunTime:0.040969s ]

[ 2012-12-28T15:50:58+08:00 ] 127.0.0.1 /
INFO: [ app_begin ] --START--
INFO: Run ReadHtmlCache Behavior [ RunTime:0.036618s ]
INFO: [ app_begin ] --END-- [ RunTime:0.036760s ]
SQL: SHOW COLUMNS FROM `list` [ RunTime:0.043470s ]
SQL: select * from list where id in(203,878) and isShow=1 [ RunTime:0.016772s ]
INFO: [ view_template ] --START--
INFO: Run LocationTemplate Behavior [ RunTime:-0.392608s ]
INFO: [ view_template ] --END-- [ RunTime:0.066844s ]
INFO: [ view_parse ] --START--
INFO: Run ParseTemplate Behavior [ RunTime:-0.459552s ]
INFO: [ view_parse ] --END-- [ RunTime:0.624610s ]
INFO: [ view_filter ] --START--
INFO: Run ContentReplace Behavior [ RunTime:-1.084240s ]
INFO: Run TokenBuild Behavior [ RunTime:-1.101542s ]
INFO: Run WriteHtmlCache Behavior [ RunTime:-1.155584s ]
INFO: Run ShowRuntime Behavior [ RunTime:-1.160248s ]
INFO: [ view_filter ] --END-- [ RunTime:0.084115s ]
INFO: [ view_end ] --START--
INFO: Run ShowPageTrace Behavior [ RunTime:-1.168475s ]
INFO: [ view_end ] --END-- [ RunTime:0.028090s ]

[ 2012-12-28T15:54:41+08:00 ] 127.0.0.1 /
INFO: [ app_begin ] --START--
INFO: Run ReadHtmlCache Behavior [ RunTime:0.001026s ]
INFO: [ app_begin ] --END-- [ RunTime:0.001142s ]
SQL: SHOW COLUMNS FROM `list` [ RunTime:0.002263s ]
SQL: select * from list where id in(1,855) and isShow=1 [ RunTime:0.031567s ]
INFO: [ view_template ] --START--
INFO: Run LocationTemplate Behavior [ RunTime:-0.043422s ]
INFO: [ view_template ] --END-- [ RunTime:0.001580s ]
INFO: [ view_parse ] --START--
INFO: Run ParseTemplate Behavior [ RunTime:-0.045072s ]
INFO: [ view_parse ] --END-- [ RunTime:0.035758s ]
INFO: [ view_filter ] --START--
INFO: Run ContentReplace Behavior [ RunTime:-0.080919s ]
INFO: Run TokenBuild Behavior [ RunTime:-0.081798s ]
INFO: Run WriteHtmlCache Behavior [ RunTime:-0.082893s ]
INFO: Run ShowRuntime Behavior [ RunTime:-0.083877s ]
INFO: [ view_filter ] --END-- [ RunTime:0.004080s ]
INFO: [ view_end ] --START--
INFO: Run ShowPageTrace Behavior [ RunTime:-0.085132s ]
INFO: [ view_end ] --END-- [ RunTime:0.001097s ]

[ 2012-12-28T15:59:15+08:00 ] 127.0.0.1 /
INFO: [ app_begin ] --START--
INFO: Run ReadHtmlCache Behavior [ RunTime:0.084738s ]
INFO: [ app_begin ] --END-- [ RunTime:0.084883s ]
SQL: SHOW COLUMNS FROM `list` [ RunTime:0.002683s ]
SQL: select * from list where id in(58,852) and isShow=1 [ RunTime:0.001508s ]
INFO: [ view_template ] --START--
INFO: Run LocationTemplate Behavior [ RunTime:-0.364145s ]
INFO: [ view_template ] --END-- [ RunTime:0.019525s ]
INFO: [ view_parse ] --START--
INFO: Run ParseTemplate Behavior [ RunTime:-0.383752s ]
INFO: [ view_parse ] --END-- [ RunTime:0.749308s ]
INFO: [ view_filter ] --START--
INFO: Run ContentReplace Behavior [ RunTime:-1.133149s ]
INFO: Run TokenBuild Behavior [ RunTime:-1.187161s ]
INFO: Run WriteHtmlCache Behavior [ RunTime:-1.196431s ]
INFO: Run ShowRuntime Behavior [ RunTime:-1.245669s ]
INFO: [ view_filter ] --END-- [ RunTime:0.134853s ]
INFO: [ view_end ] --START--
INFO: Run ShowPageTrace Behavior [ RunTime:-1.268148s ]
INFO: [ view_end ] --END-- [ RunTime:0.053636s ]

