[ 2012-12-27T23:23:26+08:00 ] 127.0.0.1 /
INFO: [ app_begin ] --START--
INFO: Run ReadHtmlCache Behavior [ RunTime:0.155325s ]
INFO: [ app_begin ] --END-- [ RunTime:0.155465s ]
SQL: SHOW COLUMNS FROM `list` [ RunTime:0.349102s ]
SQL: select * from list where id in(717,309) and isShow=1 [ RunTime:0.128465s ]
INFO: [ view_template ] --START--
INFO: Run LocationTemplate Behavior [ RunTime:-1.185636s ]
INFO: [ view_template ] --END-- [ RunTime:0.174836s ]
INFO: [ view_parse ] --START--
INFO: Run ParseTemplate Behavior [ RunTime:-1.360571s ]
INFO: [ view_parse ] --END-- [ RunTime:1.770582s ]
INFO: [ view_filter ] --START--
INFO: Run ContentReplace Behavior [ RunTime:-3.131411s ]
INFO: Run TokenBuild Behavior [ RunTime:-3.311616s ]
INFO: Run WriteHtmlCache Behavior [ RunTime:-3.368862s ]
INFO: Run ShowRuntime Behavior [ RunTime:-3.430394s ]
INFO: [ view_filter ] --END-- [ RunTime:0.780349s ]
INFO: [ view_end ] --START--
INFO: Run ShowPageTrace Behavior [ RunTime:-3.912107s ]
INFO: [ view_end ] --END-- [ RunTime:0.108721s ]

