[ 2012-12-05T00:00:15+08:00 ] 127.0.0.1 /facemash/Index/vote/aid/1/bid/2
INFO: [ route_check ] --START--
INFO: Run CheckRoute Behavior [ RunTime:0.001261s ]
INFO: [ route_check ] --END-- [ RunTime:0.001383s ]
INFO: [ app_begin ] --START--
INFO: Run ReadHtmlCache Behavior [ RunTime:-0.000907s ]
INFO: [ app_begin ] --END-- [ RunTime:0.001484s ]
SQL: SHOW COLUMNS FROM `list` [ RunTime:0.002442s ]
SQL: SHOW COLUMNS FROM `list` [ RunTime:0.006100s ]
SQL: SELECT * FROM `list` WHERE ( `id` = 1 ) LIMIT 1   [ RunTime:0.001806s ]
SQL: SELECT * FROM `list` WHERE ( `id` = 2 ) LIMIT 1   [ RunTime:0.000195s ]

[ 2012-12-05T00:00:34+08:00 ] 127.0.0.1 /facemash/Index/vote/aid/1/bid/2
INFO: [ route_check ] --START--
INFO: Run CheckRoute Behavior [ RunTime:0.002371s ]
INFO: [ route_check ] --END-- [ RunTime:0.002666s ]
INFO: [ app_begin ] --START--
INFO: Run ReadHtmlCache Behavior [ RunTime:-0.002643s ]
INFO: [ app_begin ] --END-- [ RunTime:0.002194s ]
SQL: SHOW COLUMNS FROM `list` [ RunTime:0.006515s ]
SQL: SHOW COLUMNS FROM `list` [ RunTime:0.010059s ]
SQL: SELECT * FROM `list` WHERE ( `id` = 1 ) LIMIT 1   [ RunTime:0.002894s ]
SQL: SELECT * FROM `list` WHERE ( `id` = 2 ) LIMIT 1   [ RunTime:0.000608s ]

[ 2012-12-05T00:01:02+08:00 ] 127.0.0.1 /facemash/Index/vote/aid/1/bid/2
INFO: [ route_check ] --START--
INFO: Run CheckRoute Behavior [ RunTime:0.003433s ]
INFO: [ route_check ] --END-- [ RunTime:0.003850s ]
INFO: [ app_begin ] --START--
INFO: Run ReadHtmlCache Behavior [ RunTime:-0.003261s ]
INFO: [ app_begin ] --END-- [ RunTime:0.003162s ]
SQL: SHOW COLUMNS FROM `list` [ RunTime:0.006288s ]
SQL: SHOW COLUMNS FROM `list` [ RunTime:0.008467s ]
SQL: SELECT * FROM `list` WHERE ( `id` = 1 ) LIMIT 1   [ RunTime:0.006348s ]
SQL: SELECT * FROM `list` WHERE ( `id` = 2 ) LIMIT 1   [ RunTime:0.000900s ]

[ 2012-12-05T00:01:29+08:00 ] 127.0.0.1 /facemash/Index/vote/aid/1/bid/2
INFO: [ route_check ] --START--
INFO: Run CheckRoute Behavior [ RunTime:0.003003s ]
INFO: [ route_check ] --END-- [ RunTime:0.003284s ]
INFO: [ app_begin ] --START--
INFO: Run ReadHtmlCache Behavior [ RunTime:-0.002970s ]
INFO: [ app_begin ] --END-- [ RunTime:0.003562s ]
SQL: SHOW COLUMNS FROM `list` [ RunTime:0.005584s ]
SQL: SHOW COLUMNS FROM `list` [ RunTime:0.008193s ]
SQL: SELECT * FROM `list` WHERE ( `id` = 1 ) LIMIT 1   [ RunTime:0.002824s ]
SQL: SELECT * FROM `list` WHERE ( `id` = 2 ) LIMIT 1   [ RunTime:0.000657s ]

[ 2012-12-05T00:01:47+08:00 ] 127.0.0.1 /facemash/Index/vote/aid/1/bid/2
INFO: [ route_check ] --START--
INFO: Run CheckRoute Behavior [ RunTime:0.000834s ]
INFO: [ route_check ] --END-- [ RunTime:0.000966s ]
INFO: [ app_begin ] --START--
INFO: Run ReadHtmlCache Behavior [ RunTime:-0.000981s ]
INFO: [ app_begin ] --END-- [ RunTime:0.000885s ]
SQL: SHOW COLUMNS FROM `list` [ RunTime:0.062602s ]
SQL: SHOW COLUMNS FROM `list` [ RunTime:0.011102s ]
SQL: SELECT * FROM `list` WHERE ( `id` = 1 ) LIMIT 1   [ RunTime:0.001775s ]
SQL: SELECT * FROM `list` WHERE ( `id` = 2 ) LIMIT 1   [ RunTime:0.000424s ]

[ 2012-12-05T00:02:04+08:00 ] 127.0.0.1 /facemash/Index/vote/aid/1/bid/2
INFO: [ route_check ] --START--
INFO: Run CheckRoute Behavior [ RunTime:0.003171s ]
INFO: [ route_check ] --END-- [ RunTime:0.003461s ]
INFO: [ app_begin ] --START--
INFO: Run ReadHtmlCache Behavior [ RunTime:-0.002480s ]
INFO: [ app_begin ] --END-- [ RunTime:0.002991s ]
SQL: SHOW COLUMNS FROM `list` [ RunTime:0.006575s ]
SQL: SHOW COLUMNS FROM `list` [ RunTime:0.009012s ]
SQL: SELECT * FROM `list` WHERE ( `id` = 1 ) LIMIT 1   [ RunTime:0.002184s ]
SQL: SELECT * FROM `list` WHERE ( `id` = 2 ) LIMIT 1   [ RunTime:0.000754s ]

