[ 2012-12-03T22:24:08+08:00 ] ERR: (ThinkException) Table 'thinkphp.think_user' doesn't exist
 [ SQL语句 ] : SHOW COLUMNS FROM `think_user`
[ 2012-12-03T22:28:54+08:00 ] ERR: (ThinkException) 无法加载模块:form
[ 2012-12-03T22:28:58+08:00 ] 127.0.0.1 /thinkphp/Form
INFO: [ route_check ] --START--
INFO: Run CheckRoute Behavior [ RunTime:0.002814s ]
INFO: [ route_check ] --END-- [ RunTime:0.003219s ]
INFO: [ app_begin ] --START--
INFO: Run ReadHtmlCache Behavior [ RunTime:-0.001741s ]
INFO: [ app_begin ] --END-- [ RunTime:0.002995s ]
SQL: SHOW COLUMNS FROM `think_form` [ RunTime:0.005680s ]
SQL: SELECT * FROM `think_form`  [ RunTime:0.051469s ]
INFO: [ view_template ] --START--
INFO: Run LocationTemplate Behavior [ RunTime:-0.260185s ]
INFO: [ view_template ] --END-- [ RunTime:0.098401s ]
INFO: [ view_parse ] --START--
INFO: Run ParseTemplate Behavior [ RunTime:-0.358814s ]
INFO: [ view_parse ] --END-- [ RunTime:0.549069s ]
INFO: [ view_filter ] --START--
INFO: Run ContentReplace Behavior [ RunTime:-0.908016s ]
INFO: Run TokenBuild Behavior [ RunTime:-0.944270s ]
INFO: Run WriteHtmlCache Behavior [ RunTime:-0.972354s ]
INFO: Run ShowRuntime Behavior [ RunTime:-0.977836s ]
INFO: [ view_filter ] --END-- [ RunTime:0.085212s ]
INFO: [ view_end ] --START--
INFO: Run ShowPageTrace Behavior [ RunTime:-0.993520s ]
INFO: [ view_end ] --END-- [ RunTime:0.019342s ]

[ 2012-12-03T22:38:37+08:00 ] 127.0.0.1 /facemash/
INFO: [ app_begin ] --START--
INFO: Run ReadHtmlCache Behavior [ RunTime:0.031898s ]
INFO: [ app_begin ] --END-- [ RunTime:0.032039s ]
SQL: SHOW COLUMNS FROM `list` [ RunTime:0.137733s ]
SQL: SELECT * FROM `list`  [ RunTime:0.042181s ]

[ 2012-12-03T22:41:57+08:00 ] 127.0.0.1 /facemash/
INFO: [ app_begin ] --START--
INFO: Run ReadHtmlCache Behavior [ RunTime:0.002396s ]
INFO: [ app_begin ] --END-- [ RunTime:0.002513s ]
SQL: SHOW COLUMNS FROM `list` [ RunTime:0.002452s ]
SQL: SELECT * FROM `list`  [ RunTime:0.001732s ]

[ 2012-12-03T23:42:28+08:00 ] ERR: (ThinkException) Table 'facemash.form' doesn't exist
 [ SQL语句 ] : SHOW COLUMNS FROM `form`
[ 2012-12-03T23:43:01+08:00 ] ERR: (ThinkException) 无法加载模块:form
[ 2012-12-03T23:43:49+08:00 ] ERR: (ThinkException) 无法加载模块:test
[ 2012-12-03T23:44:22+08:00 ] ERR: (ThinkException) 无法加载模块:test
[ 2012-12-03T23:44:30+08:00 ] 127.0.0.1 /facemash/Test
INFO: [ route_check ] --START--
INFO: Run CheckRoute Behavior [ RunTime:0.003399s ]
INFO: [ route_check ] --END-- [ RunTime:0.003675s ]
INFO: [ app_begin ] --START--
INFO: Run ReadHtmlCache Behavior [ RunTime:-0.002012s ]
INFO: [ app_begin ] --END-- [ RunTime:0.003216s ]

[ 2012-12-03T23:44:42+08:00 ] ERR: (ThinkException) 无法加载模块:test
[ 2012-12-03T23:44:49+08:00 ] 127.0.0.1 /facemash/test
INFO: [ route_check ] --START--
INFO: Run CheckRoute Behavior [ RunTime:0.001218s ]
INFO: [ route_check ] --END-- [ RunTime:0.001334s ]
INFO: [ app_begin ] --START--
INFO: Run ReadHtmlCache Behavior [ RunTime:-0.000797s ]
INFO: [ app_begin ] --END-- [ RunTime:0.001022s ]

[ 2012-12-03T23:44:55+08:00 ] 127.0.0.1 /facemash/test
INFO: [ route_check ] --START--
INFO: Run CheckRoute Behavior [ RunTime:0.003088s ]
INFO: [ route_check ] --END-- [ RunTime:0.003362s ]
INFO: [ app_begin ] --START--
INFO: Run ReadHtmlCache Behavior [ RunTime:-0.002212s ]
INFO: [ app_begin ] --END-- [ RunTime:0.002770s ]

[ 2012-12-03T23:45:44+08:00 ] 127.0.0.1 /facemash/test/rank
INFO: [ route_check ] --START--
INFO: Run CheckRoute Behavior [ RunTime:0.005264s ]
INFO: [ route_check ] --END-- [ RunTime:0.005562s ]
INFO: [ app_begin ] --START--
INFO: Run ReadHtmlCache Behavior [ RunTime:-0.002313s ]
INFO: [ app_begin ] --END-- [ RunTime:0.003504s ]

[ 2012-12-03T23:46:19+08:00 ] ERR: (ThinkException) 参数错误或者未定义:id
[ 2012-12-03T23:47:08+08:00 ] 127.0.0.1 /facemash/test/rank/2
INFO: [ route_check ] --START--
INFO: Run CheckRoute Behavior [ RunTime:0.001121s ]
INFO: [ route_check ] --END-- [ RunTime:0.001234s ]
INFO: [ app_begin ] --START--
INFO: Run ReadHtmlCache Behavior [ RunTime:-0.000794s ]
INFO: [ app_begin ] --END-- [ RunTime:0.001011s ]
NOTIC: [8] Undefined index:  id D:\APMServ5.2.6\www\htdocs\facemash\app\Lib\Action\testAction.class.php 第 8 行.

[ 2012-12-03T23:47:13+08:00 ] 127.0.0.1 /facemash/test/rank/id/2
INFO: [ route_check ] --START--
INFO: Run CheckRoute Behavior [ RunTime:0.002833s ]
INFO: [ route_check ] --END-- [ RunTime:0.003108s ]
INFO: [ app_begin ] --START--
INFO: Run ReadHtmlCache Behavior [ RunTime:-0.002127s ]
INFO: [ app_begin ] --END-- [ RunTime:0.002641s ]

