[ 2012-12-10T17:18:42+08:00 ] 127.0.0.1 /
INFO: [ app_begin ] --START--
INFO: Run ReadHtmlCache Behavior [ RunTime:0.022604s ]
INFO: [ app_begin ] --END-- [ RunTime:0.022749s ]
SQL: SHOW COLUMNS FROM `list` [ RunTime:0.009392s ]
SQL: select * from list where id in(532,546) and isShow=1 [ RunTime:0.007186s ]
INFO: [ view_template ] --START--
INFO: Run LocationTemplate Behavior [ RunTime:-0.233037s ]
INFO: [ view_template ] --END-- [ RunTime:0.051954s ]
INFO: [ view_parse ] --START--
INFO: Run ParseTemplate Behavior [ RunTime:-0.285094s ]
INFO: [ view_parse ] --END-- [ RunTime:0.170717s ]
INFO: [ view_filter ] --START--
INFO: Run ContentReplace Behavior [ RunTime:-0.456025s ]
INFO: Run TokenBuild Behavior [ RunTime:-0.478191s ]
INFO: Run WriteHtmlCache Behavior [ RunTime:-0.485241s ]
INFO: Run ShowRuntime Behavior [ RunTime:-0.497104s ]
INFO: [ view_filter ] --END-- [ RunTime:0.086598s ]
INFO: [ view_end ] --START--
INFO: Run ShowPageTrace Behavior [ RunTime:-0.543105s ]
INFO: [ view_end ] --END-- [ RunTime:0.009208s ]

[ 2012-12-10T17:18:43+08:00 ] ERR: (ThinkException) 无法加载模块:favicon
[ 2012-12-10T17:19:21+08:00 ] 127.0.0.1 /ranking
INFO: [ route_check ] --START--
INFO: Run CheckRoute Behavior [ RunTime:0.002082s ]
INFO: [ route_check ] --END-- [ RunTime:0.002364s ]
INFO: [ app_begin ] --START--
INFO: Run ReadHtmlCache Behavior [ RunTime:-0.002470s ]
INFO: [ app_begin ] --END-- [ RunTime:0.002493s ]
SQL: SHOW COLUMNS FROM `list` [ RunTime:0.005859s ]
SQL: SELECT * FROM `list` WHERE gender='F' and isShow=1 ORDER BY score desc LIMIT 100   [ RunTime:0.007805s ]
SQL: SHOW COLUMNS FROM `reply` [ RunTime:0.026090s ]
SQL: SELECT * FROM `reply` WHERE sid=615 ORDER BY addTime desc  [ RunTime:0.030209s ]
SQL: SELECT * FROM `reply` WHERE sid=600 ORDER BY addTime desc  [ RunTime:0.000721s ]
SQL: SELECT * FROM `reply` WHERE sid=599 ORDER BY addTime desc  [ RunTime:0.000557s ]
SQL: SELECT * FROM `reply` WHERE sid=598 ORDER BY addTime desc  [ RunTime:0.000476s ]
SQL: SELECT * FROM `reply` WHERE sid=597 ORDER BY addTime desc  [ RunTime:0.000495s ]
SQL: SELECT * FROM `reply` WHERE sid=596 ORDER BY addTime desc  [ RunTime:0.000465s ]
SQL: SELECT * FROM `reply` WHERE sid=595 ORDER BY addTime desc  [ RunTime:0.000482s ]
SQL: SELECT * FROM `reply` WHERE sid=594 ORDER BY addTime desc  [ RunTime:0.000566s ]
SQL: SELECT * FROM `reply` WHERE sid=593 ORDER BY addTime desc  [ RunTime:0.000488s ]
SQL: SELECT * FROM `reply` WHERE sid=592 ORDER BY addTime desc  [ RunTime:0.000426s ]
SQL: SELECT * FROM `reply` WHERE sid=591 ORDER BY addTime desc  [ RunTime:0.000411s ]
SQL: SELECT * FROM `reply` WHERE sid=590 ORDER BY addTime desc  [ RunTime:0.000417s ]
SQL: SELECT * FROM `reply` WHERE sid=601 ORDER BY addTime desc  [ RunTime:0.000493s ]
SQL: SELECT * FROM `reply` WHERE sid=602 ORDER BY addTime desc  [ RunTime:0.000412s ]
SQL: SELECT * FROM `reply` WHERE sid=603 ORDER BY addTime desc  [ RunTime:0.000393s ]
SQL: SELECT * FROM `reply` WHERE sid=614 ORDER BY addTime desc  [ RunTime:0.000394s ]
SQL: SELECT * FROM `reply` WHERE sid=613 ORDER BY addTime desc  [ RunTime:0.000393s ]
SQL: SELECT * FROM `reply` WHERE sid=612 ORDER BY addTime desc  [ RunTime:0.000392s ]
SQL: SELECT * FROM `reply` WHERE sid=611 ORDER BY addTime desc  [ RunTime:0.000415s ]
SQL: SELECT * FROM `reply` WHERE sid=610 ORDER BY addTime desc  [ RunTime:0.000414s ]
SQL: SELECT * FROM `reply` WHERE sid=609 ORDER BY addTime desc  [ RunTime:0.000405s ]
SQL: SELECT * FROM `reply` WHERE sid=608 ORDER BY addTime desc  [ RunTime:0.000389s ]
SQL: SELECT * FROM `reply` WHERE sid=607 ORDER BY addTime desc  [ RunTime:0.000421s ]
SQL: SELECT * FROM `reply` WHERE sid=606 ORDER BY addTime desc  [ RunTime:0.000553s ]
SQL: SELECT * FROM `reply` WHERE sid=605 ORDER BY addTime desc  [ RunTime:0.000536s ]
SQL: SELECT * FROM `reply` WHERE sid=604 ORDER BY addTime desc  [ RunTime:0.000519s ]
SQL: SELECT * FROM `reply` WHERE sid=589 ORDER BY addTime desc  [ RunTime:0.000497s ]
SQL: SELECT * FROM `reply` WHERE sid=588 ORDER BY addTime desc  [ RunTime:0.000415s ]
SQL: SELECT * FROM `reply` WHERE sid=587 ORDER BY addTime desc  [ RunTime:0.000399s ]
SQL: SELECT * FROM `reply` WHERE sid=572 ORDER BY addTime desc  [ RunTime:0.000417s ]
SQL: SELECT * FROM `reply` WHERE sid=571 ORDER BY addTime desc  [ RunTime:0.000398s ]
SQL: SELECT * FROM `reply` WHERE sid=570 ORDER BY addTime desc  [ RunTime:0.000398s ]
SQL: SELECT * FROM `reply` WHERE sid=569 ORDER BY addTime desc  [ RunTime:0.000402s ]
SQL: SELECT * FROM `reply` WHERE sid=568 ORDER BY addTime desc  [ RunTime:0.000395s ]
SQL: SELECT * FROM `reply` WHERE sid=567 ORDER BY addTime desc  [ RunTime:0.000541s ]
SQL: SELECT * FROM `reply` WHERE sid=566 ORDER BY addTime desc  [ RunTime:0.000675s ]
SQL: SELECT * FROM `reply` WHERE sid=565 ORDER BY addTime desc  [ RunTime:0.000510s ]
SQL: SELECT * FROM `reply` WHERE sid=564 ORDER BY addTime desc  [ RunTime:0.000480s ]
SQL: SELECT * FROM `reply` WHERE sid=563 ORDER BY addTime desc  [ RunTime:0.000407s ]
SQL: SELECT * FROM `reply` WHERE sid=562 ORDER BY addTime desc  [ RunTime:0.000397s ]
SQL: SELECT * FROM `reply` WHERE sid=573 ORDER BY addTime desc  [ RunTime:0.000398s ]
SQL: SELECT * FROM `reply` WHERE sid=574 ORDER BY addTime desc  [ RunTime:0.000399s ]
SQL: SELECT * FROM `reply` WHERE sid=575 ORDER BY addTime desc  [ RunTime:0.000393s ]
SQL: SELECT * FROM `reply` WHERE sid=586 ORDER BY addTime desc  [ RunTime:0.000405s ]
SQL: SELECT * FROM `reply` WHERE sid=585 ORDER BY addTime desc  [ RunTime:0.000392s ]
SQL: SELECT * FROM `reply` WHERE sid=584 ORDER BY addTime desc  [ RunTime:0.000393s ]
SQL: SELECT * FROM `reply` WHERE sid=583 ORDER BY addTime desc  [ RunTime:0.000392s ]
SQL: SELECT * FROM `reply` WHERE sid=582 ORDER BY addTime desc  [ RunTime:0.000486s ]
SQL: SELECT * FROM `reply` WHERE sid=581 ORDER BY addTime desc  [ RunTime:0.000508s ]
SQL: SELECT * FROM `reply` WHERE sid=580 ORDER BY addTime desc  [ RunTime:0.000540s ]
SQL: SELECT * FROM `reply` WHERE sid=579 ORDER BY addTime desc  [ RunTime:0.000514s ]
SQL: SELECT * FROM `reply` WHERE sid=578 ORDER BY addTime desc  [ RunTime:0.000448s ]
SQL: SELECT * FROM `reply` WHERE sid=577 ORDER BY addTime desc  [ RunTime:0.000487s ]
SQL: SELECT * FROM `reply` WHERE sid=576 ORDER BY addTime desc  [ RunTime:0.000422s ]
SQL: SELECT * FROM `reply` WHERE sid=561 ORDER BY addTime desc  [ RunTime:0.000397s ]
SQL: SELECT * FROM `reply` WHERE sid=616 ORDER BY addTime desc  [ RunTime:0.000394s ]
SQL: SELECT * FROM `reply` WHERE sid=671 ORDER BY addTime desc  [ RunTime:0.000395s ]
SQL: SELECT * FROM `reply` WHERE sid=656 ORDER BY addTime desc  [ RunTime:0.000518s ]
SQL: SELECT * FROM `reply` WHERE sid=655 ORDER BY addTime desc  [ RunTime:0.000428s ]
SQL: SELECT * FROM `reply` WHERE sid=654 ORDER BY addTime desc  [ RunTime:0.000406s ]
SQL: SELECT * FROM `reply` WHERE sid=653 ORDER BY addTime desc  [ RunTime:0.000400s ]
SQL: SELECT * FROM `reply` WHERE sid=652 ORDER BY addTime desc  [ RunTime:0.000396s ]
SQL: SELECT * FROM `reply` WHERE sid=651 ORDER BY addTime desc  [ RunTime:0.000523s ]
SQL: SELECT * FROM `reply` WHERE sid=650 ORDER BY addTime desc  [ RunTime:0.000458s ]
SQL: SELECT * FROM `reply` WHERE sid=649 ORDER BY addTime desc  [ RunTime:0.000399s ]
SQL: SELECT * FROM `reply` WHERE sid=648 ORDER BY addTime desc  [ RunTime:0.000402s ]
SQL: SELECT * FROM `reply` WHERE sid=647 ORDER BY addTime desc  [ RunTime:0.000393s ]
SQL: SELECT * FROM `reply` WHERE sid=646 ORDER BY addTime desc  [ RunTime:0.000391s ]
SQL: SELECT * FROM `reply` WHERE sid=657 ORDER BY addTime desc  [ RunTime:0.000397s ]
SQL: SELECT * FROM `reply` WHERE sid=658 ORDER BY addTime desc  [ RunTime:0.000393s ]
SQL: SELECT * FROM `reply` WHERE sid=659 ORDER BY addTime desc  [ RunTime:0.000409s ]
SQL: SELECT * FROM `reply` WHERE sid=670 ORDER BY addTime desc  [ RunTime:0.000677s ]
SQL: SELECT * FROM `reply` WHERE sid=669 ORDER BY addTime desc  [ RunTime:0.000579s ]
SQL: SELECT * FROM `reply` WHERE sid=668 ORDER BY addTime desc  [ RunTime:0.000540s ]
SQL: SELECT * FROM `reply` WHERE sid=667 ORDER BY addTime desc  [ RunTime:0.000413s ]
SQL: SELECT * FROM `reply` WHERE sid=666 ORDER BY addTime desc  [ RunTime:0.000408s ]
SQL: SELECT * FROM `reply` WHERE sid=665 ORDER BY addTime desc  [ RunTime:0.000393s ]
SQL: SELECT * FROM `reply` WHERE sid=664 ORDER BY addTime desc  [ RunTime:0.000392s ]
SQL: SELECT * FROM `reply` WHERE sid=663 ORDER BY addTime desc  [ RunTime:0.000401s ]
SQL: SELECT * FROM `reply` WHERE sid=662 ORDER BY addTime desc  [ RunTime:0.000389s ]
SQL: SELECT * FROM `reply` WHERE sid=661 ORDER BY addTime desc  [ RunTime:0.000390s ]
SQL: SELECT * FROM `reply` WHERE sid=660 ORDER BY addTime desc  [ RunTime:0.000402s ]
SQL: SELECT * FROM `reply` WHERE sid=645 ORDER BY addTime desc  [ RunTime:0.000455s ]
SQL: SELECT * FROM `reply` WHERE sid=644 ORDER BY addTime desc  [ RunTime:0.000394s ]
SQL: SELECT * FROM `reply` WHERE sid=643 ORDER BY addTime desc  [ RunTime:0.000394s ]
SQL: SELECT * FROM `reply` WHERE sid=628 ORDER BY addTime desc  [ RunTime:0.000408s ]
SQL: SELECT * FROM `reply` WHERE sid=627 ORDER BY addTime desc  [ RunTime:0.000464s ]
SQL: SELECT * FROM `reply` WHERE sid=626 ORDER BY addTime desc  [ RunTime:0.000414s ]
SQL: SELECT * FROM `reply` WHERE sid=625 ORDER BY addTime desc  [ RunTime:0.000511s ]
SQL: SELECT * FROM `reply` WHERE sid=624 ORDER BY addTime desc  [ RunTime:0.000410s ]
SQL: SELECT * FROM `reply` WHERE sid=623 ORDER BY addTime desc  [ RunTime:0.000402s ]
SQL: SELECT * FROM `reply` WHERE sid=622 ORDER BY addTime desc  [ RunTime:0.000414s ]
SQL: SELECT * FROM `reply` WHERE sid=621 ORDER BY addTime desc  [ RunTime:0.000412s ]
SQL: SELECT * FROM `reply` WHERE sid=620 ORDER BY addTime desc  [ RunTime:0.000408s ]
SQL: SELECT * FROM `reply` WHERE sid=619 ORDER BY addTime desc  [ RunTime:0.000402s ]
SQL: SELECT * FROM `reply` WHERE sid=618 ORDER BY addTime desc  [ RunTime:0.000392s ]
SQL: SELECT * FROM `reply` WHERE sid=629 ORDER BY addTime desc  [ RunTime:0.000399s ]
SQL: SELECT * FROM `reply` WHERE sid=630 ORDER BY addTime desc  [ RunTime:0.000399s ]
SQL: SELECT * FROM `reply` WHERE sid=631 ORDER BY addTime desc  [ RunTime:0.000519s ]
SQL: SELECT * FROM `reply` WHERE sid=642 ORDER BY addTime desc  [ RunTime:0.000417s ]
NOTIC: [8] Undefined variable: replies D:\APMServ5.2.6\www\facemash\app\Lib\Action\rankingAction.class.php 第 20 行.
INFO: [ view_template ] --START--
INFO: Run LocationTemplate Behavior [ RunTime:-0.230922s ]
INFO: [ view_template ] --END-- [ RunTime:0.055876s ]
INFO: [ view_parse ] --START--
INFO: Run ParseTemplate Behavior [ RunTime:-0.286984s ]
INFO: [ view_parse ] --END-- [ RunTime:0.087904s ]
INFO: [ view_filter ] --START--
INFO: Run ContentReplace Behavior [ RunTime:-0.374983s ]
INFO: Run TokenBuild Behavior [ RunTime:-0.376668s ]
INFO: Run WriteHtmlCache Behavior [ RunTime:-0.380257s ]
INFO: Run ShowRuntime Behavior [ RunTime:-0.381074s ]
INFO: [ view_filter ] --END-- [ RunTime:0.007107s ]
INFO: [ view_end ] --START--
INFO: Run ShowPageTrace Behavior [ RunTime:-0.382240s ]
INFO: [ view_end ] --END-- [ RunTime:0.000875s ]

[ 2012-12-10T17:19:22+08:00 ] ERR: (ThinkException) 无法加载模块:favicon
[ 2012-12-10T17:19:29+08:00 ] 127.0.0.1 /
INFO: [ app_begin ] --START--
INFO: Run ReadHtmlCache Behavior [ RunTime:0.003599s ]
INFO: [ app_begin ] --END-- [ RunTime:0.003875s ]
SQL: SHOW COLUMNS FROM `list` [ RunTime:0.005920s ]
SQL: select * from list where id in(337,44) and isShow=1 [ RunTime:0.004061s ]
INFO: [ view_template ] --START--
INFO: Run LocationTemplate Behavior [ RunTime:-0.035661s ]
INFO: [ view_template ] --END-- [ RunTime:0.004423s ]
INFO: [ view_parse ] --START--
INFO: Run ParseTemplate Behavior [ RunTime:-0.040289s ]
INFO: [ view_parse ] --END-- [ RunTime:0.050753s ]
INFO: [ view_filter ] --START--
INFO: Run ContentReplace Behavior [ RunTime:-0.091208s ]
INFO: Run TokenBuild Behavior [ RunTime:-0.094537s ]
INFO: Run WriteHtmlCache Behavior [ RunTime:-0.097571s ]
INFO: Run ShowRuntime Behavior [ RunTime:-0.100344s ]
INFO: [ view_filter ] --END-- [ RunTime:0.012850s ]
INFO: [ view_end ] --START--
INFO: Run ShowPageTrace Behavior [ RunTime:-0.104347s ]
INFO: [ view_end ] --END-- [ RunTime:0.002892s ]

[ 2012-12-10T17:19:29+08:00 ] ERR: (ThinkException) 无法加载模块:favicon
[ 2012-12-10T17:19:35+08:00 ] 127.0.0.1 /ranking
INFO: [ route_check ] --START--
INFO: Run CheckRoute Behavior [ RunTime:0.000907s ]
INFO: [ route_check ] --END-- [ RunTime:0.001179s ]
INFO: [ app_begin ] --START--
INFO: Run ReadHtmlCache Behavior [ RunTime:-0.001126s ]
INFO: [ app_begin ] --END-- [ RunTime:0.001465s ]
SQL: SHOW COLUMNS FROM `list` [ RunTime:0.005758s ]
SQL: SELECT * FROM `list` WHERE gender='F' and isShow=1 ORDER BY score desc LIMIT 100   [ RunTime:0.007221s ]
SQL: SHOW COLUMNS FROM `reply` [ RunTime:0.005888s ]
SQL: SELECT * FROM `reply` WHERE sid=615 ORDER BY addTime desc  [ RunTime:0.005233s ]
SQL: SELECT * FROM `reply` WHERE sid=600 ORDER BY addTime desc  [ RunTime:0.000585s ]
SQL: SELECT * FROM `reply` WHERE sid=599 ORDER BY addTime desc  [ RunTime:0.000517s ]
SQL: SELECT * FROM `reply` WHERE sid=598 ORDER BY addTime desc  [ RunTime:0.000459s ]
SQL: SELECT * FROM `reply` WHERE sid=597 ORDER BY addTime desc  [ RunTime:0.000538s ]
SQL: SELECT * FROM `reply` WHERE sid=596 ORDER BY addTime desc  [ RunTime:0.000621s ]
SQL: SELECT * FROM `reply` WHERE sid=595 ORDER BY addTime desc  [ RunTime:0.000653s ]
SQL: SELECT * FROM `reply` WHERE sid=594 ORDER BY addTime desc  [ RunTime:0.000667s ]
SQL: SELECT * FROM `reply` WHERE sid=593 ORDER BY addTime desc  [ RunTime:0.000551s ]
SQL: SELECT * FROM `reply` WHERE sid=592 ORDER BY addTime desc  [ RunTime:0.000481s ]
SQL: SELECT * FROM `reply` WHERE sid=591 ORDER BY addTime desc  [ RunTime:0.000669s ]
SQL: SELECT * FROM `reply` WHERE sid=590 ORDER BY addTime desc  [ RunTime:0.000581s ]
SQL: SELECT * FROM `reply` WHERE sid=601 ORDER BY addTime desc  [ RunTime:0.000530s ]
SQL: SELECT * FROM `reply` WHERE sid=602 ORDER BY addTime desc  [ RunTime:0.000615s ]
SQL: SELECT * FROM `reply` WHERE sid=603 ORDER BY addTime desc  [ RunTime:0.000703s ]
SQL: SELECT * FROM `reply` WHERE sid=614 ORDER BY addTime desc  [ RunTime:0.000643s ]
SQL: SELECT * FROM `reply` WHERE sid=613 ORDER BY addTime desc  [ RunTime:0.000928s ]
SQL: SELECT * FROM `reply` WHERE sid=612 ORDER BY addTime desc  [ RunTime:0.000664s ]
SQL: SELECT * FROM `reply` WHERE sid=611 ORDER BY addTime desc  [ RunTime:0.000619s ]
SQL: SELECT * FROM `reply` WHERE sid=610 ORDER BY addTime desc  [ RunTime:0.000627s ]
SQL: SELECT * FROM `reply` WHERE sid=609 ORDER BY addTime desc  [ RunTime:0.000572s ]
SQL: SELECT * FROM `reply` WHERE sid=608 ORDER BY addTime desc  [ RunTime:0.000486s ]
SQL: SELECT * FROM `reply` WHERE sid=607 ORDER BY addTime desc  [ RunTime:0.000732s ]
SQL: SELECT * FROM `reply` WHERE sid=606 ORDER BY addTime desc  [ RunTime:0.000707s ]
SQL: SELECT * FROM `reply` WHERE sid=605 ORDER BY addTime desc  [ RunTime:0.000708s ]
SQL: SELECT * FROM `reply` WHERE sid=604 ORDER BY addTime desc  [ RunTime:0.000723s ]
SQL: SELECT * FROM `reply` WHERE sid=589 ORDER BY addTime desc  [ RunTime:0.000710s ]
SQL: SELECT * FROM `reply` WHERE sid=588 ORDER BY addTime desc  [ RunTime:0.000671s ]
SQL: SELECT * FROM `reply` WHERE sid=587 ORDER BY addTime desc  [ RunTime:0.000647s ]
SQL: SELECT * FROM `reply` WHERE sid=572 ORDER BY addTime desc  [ RunTime:0.000674s ]
SQL: SELECT * FROM `reply` WHERE sid=571 ORDER BY addTime desc  [ RunTime:0.000930s ]
SQL: SELECT * FROM `reply` WHERE sid=570 ORDER BY addTime desc  [ RunTime:0.000601s ]
SQL: SELECT * FROM `reply` WHERE sid=569 ORDER BY addTime desc  [ RunTime:0.000568s ]
SQL: SELECT * FROM `reply` WHERE sid=568 ORDER BY addTime desc  [ RunTime:0.000536s ]
SQL: SELECT * FROM `reply` WHERE sid=567 ORDER BY addTime desc  [ RunTime:0.000662s ]
SQL: SELECT * FROM `reply` WHERE sid=566 ORDER BY addTime desc  [ RunTime:0.000623s ]
SQL: SELECT * FROM `reply` WHERE sid=565 ORDER BY addTime desc  [ RunTime:0.000627s ]
SQL: SELECT * FROM `reply` WHERE sid=564 ORDER BY addTime desc  [ RunTime:0.000621s ]
SQL: SELECT * FROM `reply` WHERE sid=563 ORDER BY addTime desc  [ RunTime:0.000632s ]
SQL: SELECT * FROM `reply` WHERE sid=562 ORDER BY addTime desc  [ RunTime:0.000583s ]
SQL: SELECT * FROM `reply` WHERE sid=573 ORDER BY addTime desc  [ RunTime:0.000616s ]
SQL: SELECT * FROM `reply` WHERE sid=574 ORDER BY addTime desc  [ RunTime:0.000612s ]
SQL: SELECT * FROM `reply` WHERE sid=575 ORDER BY addTime desc  [ RunTime:0.000590s ]
SQL: SELECT * FROM `reply` WHERE sid=586 ORDER BY addTime desc  [ RunTime:0.000491s ]
SQL: SELECT * FROM `reply` WHERE sid=585 ORDER BY addTime desc  [ RunTime:0.000624s ]
SQL: SELECT * FROM `reply` WHERE sid=584 ORDER BY addTime desc  [ RunTime:0.000566s ]
SQL: SELECT * FROM `reply` WHERE sid=583 ORDER BY addTime desc  [ RunTime:0.000574s ]
SQL: SELECT * FROM `reply` WHERE sid=582 ORDER BY addTime desc  [ RunTime:0.000508s ]
SQL: SELECT * FROM `reply` WHERE sid=581 ORDER BY addTime desc  [ RunTime:0.000485s ]
SQL: SELECT * FROM `reply` WHERE sid=580 ORDER BY addTime desc  [ RunTime:0.000476s ]
SQL: SELECT * FROM `reply` WHERE sid=579 ORDER BY addTime desc  [ RunTime:0.000474s ]
SQL: SELECT * FROM `reply` WHERE sid=578 ORDER BY addTime desc  [ RunTime:0.000477s ]
SQL: SELECT * FROM `reply` WHERE sid=577 ORDER BY addTime desc  [ RunTime:0.000607s ]
SQL: SELECT * FROM `reply` WHERE sid=576 ORDER BY addTime desc  [ RunTime:0.000487s ]
SQL: SELECT * FROM `reply` WHERE sid=561 ORDER BY addTime desc  [ RunTime:0.000500s ]
SQL: SELECT * FROM `reply` WHERE sid=616 ORDER BY addTime desc  [ RunTime:0.000487s ]
SQL: SELECT * FROM `reply` WHERE sid=671 ORDER BY addTime desc  [ RunTime:0.000474s ]
SQL: SELECT * FROM `reply` WHERE sid=656 ORDER BY addTime desc  [ RunTime:0.000215s ]
SQL: SELECT * FROM `reply` WHERE sid=655 ORDER BY addTime desc  [ RunTime:0.000215s ]
SQL: SELECT * FROM `reply` WHERE sid=654 ORDER BY addTime desc  [ RunTime:0.000213s ]
SQL: SELECT * FROM `reply` WHERE sid=653 ORDER BY addTime desc  [ RunTime:0.000219s ]
SQL: SELECT * FROM `reply` WHERE sid=652 ORDER BY addTime desc  [ RunTime:0.000211s ]
SQL: SELECT * FROM `reply` WHERE sid=651 ORDER BY addTime desc  [ RunTime:0.000212s ]
SQL: SELECT * FROM `reply` WHERE sid=650 ORDER BY addTime desc  [ RunTime:0.000221s ]
SQL: SELECT * FROM `reply` WHERE sid=649 ORDER BY addTime desc  [ RunTime:0.000215s ]
SQL: SELECT * FROM `reply` WHERE sid=648 ORDER BY addTime desc  [ RunTime:0.000214s ]
SQL: SELECT * FROM `reply` WHERE sid=647 ORDER BY addTime desc  [ RunTime:0.000237s ]
SQL: SELECT * FROM `reply` WHERE sid=646 ORDER BY addTime desc  [ RunTime:0.000219s ]
SQL: SELECT * FROM `reply` WHERE sid=657 ORDER BY addTime desc  [ RunTime:0.000210s ]
SQL: SELECT * FROM `reply` WHERE sid=658 ORDER BY addTime desc  [ RunTime:0.000214s ]
SQL: SELECT * FROM `reply` WHERE sid=659 ORDER BY addTime desc  [ RunTime:0.000214s ]
SQL: SELECT * FROM `reply` WHERE sid=670 ORDER BY addTime desc  [ RunTime:0.000214s ]
SQL: SELECT * FROM `reply` WHERE sid=669 ORDER BY addTime desc  [ RunTime:0.000218s ]
SQL: SELECT * FROM `reply` WHERE sid=668 ORDER BY addTime desc  [ RunTime:0.000212s ]
SQL: SELECT * FROM `reply` WHERE sid=667 ORDER BY addTime desc  [ RunTime:0.000212s ]
SQL: SELECT * FROM `reply` WHERE sid=666 ORDER BY addTime desc  [ RunTime:0.000218s ]
SQL: SELECT * FROM `reply` WHERE sid=665 ORDER BY addTime desc  [ RunTime:0.000210s ]
SQL: SELECT * FROM `reply` WHERE sid=664 ORDER BY addTime desc  [ RunTime:0.000217s ]
SQL: SELECT * FROM `reply` WHERE sid=663 ORDER BY addTime desc  [ RunTime:0.000212s ]
SQL: SELECT * FROM `reply` WHERE sid=662 ORDER BY addTime desc  [ RunTime:0.000252s ]
SQL: SELECT * FROM `reply` WHERE sid=661 ORDER BY addTime desc  [ RunTime:0.000219s ]
SQL: SELECT * FROM `reply` WHERE sid=660 ORDER BY addTime desc  [ RunTime:0.000210s ]
SQL: SELECT * FROM `reply` WHERE sid=645 ORDER BY addTime desc  [ RunTime:0.000197s ]
SQL: SELECT * FROM `reply` WHERE sid=644 ORDER BY addTime desc  [ RunTime:0.000195s ]
SQL: SELECT * FROM `reply` WHERE sid=643 ORDER BY addTime desc  [ RunTime:0.000198s ]
SQL: SELECT * FROM `reply` WHERE sid=628 ORDER BY addTime desc  [ RunTime:0.000199s ]
SQL: SELECT * FROM `reply` WHERE sid=627 ORDER BY addTime desc  [ RunTime:0.000203s ]
SQL: SELECT * FROM `reply` WHERE sid=626 ORDER BY addTime desc  [ RunTime:0.000196s ]
SQL: SELECT * FROM `reply` WHERE sid=625 ORDER BY addTime desc  [ RunTime:0.000196s ]
SQL: SELECT * FROM `reply` WHERE sid=624 ORDER BY addTime desc  [ RunTime:0.000222s ]
SQL: SELECT * FROM `reply` WHERE sid=623 ORDER BY addTime desc  [ RunTime:0.000250s ]
SQL: SELECT * FROM `reply` WHERE sid=622 ORDER BY addTime desc  [ RunTime:0.000206s ]
SQL: SELECT * FROM `reply` WHERE sid=621 ORDER BY addTime desc  [ RunTime:0.000200s ]
SQL: SELECT * FROM `reply` WHERE sid=620 ORDER BY addTime desc  [ RunTime:0.000202s ]
SQL: SELECT * FROM `reply` WHERE sid=619 ORDER BY addTime desc  [ RunTime:0.000201s ]
SQL: SELECT * FROM `reply` WHERE sid=618 ORDER BY addTime desc  [ RunTime:0.000204s ]
SQL: SELECT * FROM `reply` WHERE sid=629 ORDER BY addTime desc  [ RunTime:0.000195s ]
SQL: SELECT * FROM `reply` WHERE sid=630 ORDER BY addTime desc  [ RunTime:0.000201s ]
SQL: SELECT * FROM `reply` WHERE sid=631 ORDER BY addTime desc  [ RunTime:0.000198s ]
SQL: SELECT * FROM `reply` WHERE sid=642 ORDER BY addTime desc  [ RunTime:0.000195s ]
NOTIC: [8] Undefined variable: replies D:\APMServ5.2.6\www\facemash\app\Lib\Action\rankingAction.class.php 第 20 行.
INFO: [ view_template ] --START--
INFO: Run LocationTemplate Behavior [ RunTime:-0.129034s ]
INFO: [ view_template ] --END-- [ RunTime:0.001787s ]
INFO: [ view_parse ] --START--
INFO: Run ParseTemplate Behavior [ RunTime:-0.130917s ]
INFO: [ view_parse ] --END-- [ RunTime:0.026089s ]
INFO: [ view_filter ] --START--
INFO: Run ContentReplace Behavior [ RunTime:-0.157124s ]
INFO: Run TokenBuild Behavior [ RunTime:-0.158855s ]
INFO: Run WriteHtmlCache Behavior [ RunTime:-0.159882s ]
INFO: Run ShowRuntime Behavior [ RunTime:-0.160694s ]
INFO: [ view_filter ] --END-- [ RunTime:0.004664s ]
INFO: [ view_end ] --START--
INFO: Run ShowPageTrace Behavior [ RunTime:-0.161941s ]
INFO: [ view_end ] --END-- [ RunTime:0.000967s ]

[ 2012-12-10T17:19:36+08:00 ] ERR: (ThinkException) 无法加载模块:favicon
[ 2012-12-10T17:19:36+08:00 ] 127.0.0.1 /
INFO: [ app_begin ] --START--
INFO: Run ReadHtmlCache Behavior [ RunTime:0.000412s ]
INFO: [ app_begin ] --END-- [ RunTime:0.000523s ]
SQL: SHOW COLUMNS FROM `list` [ RunTime:0.002409s ]
SQL: select * from list where id in(792,731) and isShow=1 [ RunTime:0.001748s ]
INFO: [ view_template ] --START--
INFO: Run LocationTemplate Behavior [ RunTime:-0.010024s ]
INFO: [ view_template ] --END-- [ RunTime:0.001098s ]
INFO: [ view_parse ] --START--
INFO: Run ParseTemplate Behavior [ RunTime:-0.011195s ]
INFO: [ view_parse ] --END-- [ RunTime:0.031011s ]
INFO: [ view_filter ] --START--
INFO: Run ContentReplace Behavior [ RunTime:-0.042280s ]
INFO: Run TokenBuild Behavior [ RunTime:-0.043716s ]
INFO: Run WriteHtmlCache Behavior [ RunTime:-0.044170s ]
INFO: Run ShowRuntime Behavior [ RunTime:-0.044513s ]
INFO: [ view_filter ] --END-- [ RunTime:0.002742s ]
INFO: [ view_end ] --START--
INFO: Run ShowPageTrace Behavior [ RunTime:-0.045136s ]
INFO: [ view_end ] --END-- [ RunTime:0.000455s ]

[ 2012-12-10T17:19:36+08:00 ] ERR: (ThinkException) 无法加载模块:favicon
[ 2012-12-10T17:20:05+08:00 ] 127.0.0.1 /
INFO: [ app_begin ] --START--
INFO: Run ReadHtmlCache Behavior [ RunTime:0.002947s ]
INFO: [ app_begin ] --END-- [ RunTime:0.003221s ]
SQL: SHOW COLUMNS FROM `list` [ RunTime:0.006049s ]
SQL: select * from list where id in(223,428) and isShow=1 [ RunTime:0.003362s ]
INFO: [ view_template ] --START--
INFO: Run LocationTemplate Behavior [ RunTime:-0.035661s ]
INFO: [ view_template ] --END-- [ RunTime:0.004499s ]
INFO: [ view_parse ] --START--
INFO: Run ParseTemplate Behavior [ RunTime:-0.040537s ]
INFO: [ view_parse ] --END-- [ RunTime:0.044691s ]
INFO: [ view_filter ] --START--
INFO: Run ContentReplace Behavior [ RunTime:-0.085382s ]
INFO: Run TokenBuild Behavior [ RunTime:-0.088941s ]
INFO: Run WriteHtmlCache Behavior [ RunTime:-0.092743s ]
INFO: Run ShowRuntime Behavior [ RunTime:-0.095819s ]
INFO: [ view_filter ] --END-- [ RunTime:0.012419s ]
INFO: [ view_end ] --START--
INFO: Run ShowPageTrace Behavior [ RunTime:-0.097733s ]
INFO: [ view_end ] --END-- [ RunTime:0.001260s ]

[ 2012-12-10T17:20:08+08:00 ] 127.0.0.1 /ranking
INFO: [ route_check ] --START--
INFO: Run CheckRoute Behavior [ RunTime:0.003797s ]
INFO: [ route_check ] --END-- [ RunTime:0.004082s ]
INFO: [ app_begin ] --START--
INFO: Run ReadHtmlCache Behavior [ RunTime:-0.002333s ]
INFO: [ app_begin ] --END-- [ RunTime:0.003289s ]
SQL: SHOW COLUMNS FROM `list` [ RunTime:0.007167s ]
SQL: SELECT * FROM `list` WHERE gender='F' and isShow=1 ORDER BY score desc LIMIT 100   [ RunTime:0.008563s ]
SQL: SHOW COLUMNS FROM `reply` [ RunTime:0.005837s ]
SQL: SELECT * FROM `reply` WHERE sid=615 ORDER BY addTime desc  [ RunTime:0.004314s ]
SQL: SELECT * FROM `reply` WHERE sid=600 ORDER BY addTime desc  [ RunTime:0.000693s ]
SQL: SELECT * FROM `reply` WHERE sid=599 ORDER BY addTime desc  [ RunTime:0.000644s ]
SQL: SELECT * FROM `reply` WHERE sid=598 ORDER BY addTime desc  [ RunTime:0.000605s ]
SQL: SELECT * FROM `reply` WHERE sid=597 ORDER BY addTime desc  [ RunTime:0.000619s ]
SQL: SELECT * FROM `reply` WHERE sid=596 ORDER BY addTime desc  [ RunTime:0.000578s ]
SQL: SELECT * FROM `reply` WHERE sid=595 ORDER BY addTime desc  [ RunTime:0.000659s ]
SQL: SELECT * FROM `reply` WHERE sid=594 ORDER BY addTime desc  [ RunTime:0.000617s ]
SQL: SELECT * FROM `reply` WHERE sid=593 ORDER BY addTime desc  [ RunTime:0.000561s ]
SQL: SELECT * FROM `reply` WHERE sid=592 ORDER BY addTime desc  [ RunTime:0.000569s ]
SQL: SELECT * FROM `reply` WHERE sid=591 ORDER BY addTime desc  [ RunTime:0.000757s ]
SQL: SELECT * FROM `reply` WHERE sid=590 ORDER BY addTime desc  [ RunTime:0.000569s ]
SQL: SELECT * FROM `reply` WHERE sid=601 ORDER BY addTime desc  [ RunTime:0.000559s ]
SQL: SELECT * FROM `reply` WHERE sid=602 ORDER BY addTime desc  [ RunTime:0.000621s ]
SQL: SELECT * FROM `reply` WHERE sid=603 ORDER BY addTime desc  [ RunTime:0.000592s ]
SQL: SELECT * FROM `reply` WHERE sid=614 ORDER BY addTime desc  [ RunTime:0.000574s ]
SQL: SELECT * FROM `reply` WHERE sid=613 ORDER BY addTime desc  [ RunTime:0.000574s ]
SQL: SELECT * FROM `reply` WHERE sid=612 ORDER BY addTime desc  [ RunTime:0.000572s ]
SQL: SELECT * FROM `reply` WHERE sid=611 ORDER BY addTime desc  [ RunTime:0.000614s ]
SQL: SELECT * FROM `reply` WHERE sid=610 ORDER BY addTime desc  [ RunTime:0.000596s ]
SQL: SELECT * FROM `reply` WHERE sid=609 ORDER BY addTime desc  [ RunTime:0.000691s ]
SQL: SELECT * FROM `reply` WHERE sid=608 ORDER BY addTime desc  [ RunTime:0.000588s ]
SQL: SELECT * FROM `reply` WHERE sid=607 ORDER BY addTime desc  [ RunTime:0.000572s ]
SQL: SELECT * FROM `reply` WHERE sid=606 ORDER BY addTime desc  [ RunTime:0.000575s ]
SQL: SELECT * FROM `reply` WHERE sid=605 ORDER BY addTime desc  [ RunTime:0.000562s ]
SQL: SELECT * FROM `reply` WHERE sid=604 ORDER BY addTime desc  [ RunTime:0.000610s ]
SQL: SELECT * FROM `reply` WHERE sid=589 ORDER BY addTime desc  [ RunTime:0.000575s ]
SQL: SELECT * FROM `reply` WHERE sid=588 ORDER BY addTime desc  [ RunTime:0.000566s ]
SQL: SELECT * FROM `reply` WHERE sid=587 ORDER BY addTime desc  [ RunTime:0.000478s ]
SQL: SELECT * FROM `reply` WHERE sid=572 ORDER BY addTime desc  [ RunTime:0.000481s ]
SQL: SELECT * FROM `reply` WHERE sid=571 ORDER BY addTime desc  [ RunTime:0.000456s ]
SQL: SELECT * FROM `reply` WHERE sid=570 ORDER BY addTime desc  [ RunTime:0.000449s ]
SQL: SELECT * FROM `reply` WHERE sid=569 ORDER BY addTime desc  [ RunTime:0.000450s ]
SQL: SELECT * FROM `reply` WHERE sid=568 ORDER BY addTime desc  [ RunTime:0.000453s ]
SQL: SELECT * FROM `reply` WHERE sid=567 ORDER BY addTime desc  [ RunTime:0.000445s ]
SQL: SELECT * FROM `reply` WHERE sid=566 ORDER BY addTime desc  [ RunTime:0.000491s ]
SQL: SELECT * FROM `reply` WHERE sid=565 ORDER BY addTime desc  [ RunTime:0.000448s ]
SQL: SELECT * FROM `reply` WHERE sid=564 ORDER BY addTime desc  [ RunTime:0.000452s ]
SQL: SELECT * FROM `reply` WHERE sid=563 ORDER BY addTime desc  [ RunTime:0.000445s ]
SQL: SELECT * FROM `reply` WHERE sid=562 ORDER BY addTime desc  [ RunTime:0.000445s ]
SQL: SELECT * FROM `reply` WHERE sid=573 ORDER BY addTime desc  [ RunTime:0.000446s ]
SQL: SELECT * FROM `reply` WHERE sid=574 ORDER BY addTime desc  [ RunTime:0.000442s ]
SQL: SELECT * FROM `reply` WHERE sid=575 ORDER BY addTime desc  [ RunTime:0.000454s ]
SQL: SELECT * FROM `reply` WHERE sid=586 ORDER BY addTime desc  [ RunTime:0.000450s ]
SQL: SELECT * FROM `reply` WHERE sid=585 ORDER BY addTime desc  [ RunTime:0.000577s ]
SQL: SELECT * FROM `reply` WHERE sid=584 ORDER BY addTime desc  [ RunTime:0.000450s ]
SQL: SELECT * FROM `reply` WHERE sid=583 ORDER BY addTime desc  [ RunTime:0.000604s ]
SQL: SELECT * FROM `reply` WHERE sid=582 ORDER BY addTime desc  [ RunTime:0.000608s ]
SQL: SELECT * FROM `reply` WHERE sid=581 ORDER BY addTime desc  [ RunTime:0.000631s ]
SQL: SELECT * FROM `reply` WHERE sid=580 ORDER BY addTime desc  [ RunTime:0.000589s ]
SQL: SELECT * FROM `reply` WHERE sid=579 ORDER BY addTime desc  [ RunTime:0.000688s ]
SQL: SELECT * FROM `reply` WHERE sid=578 ORDER BY addTime desc  [ RunTime:0.000431s ]
SQL: SELECT * FROM `reply` WHERE sid=577 ORDER BY addTime desc  [ RunTime:0.000255s ]
SQL: SELECT * FROM `reply` WHERE sid=576 ORDER BY addTime desc  [ RunTime:0.000261s ]
SQL: SELECT * FROM `reply` WHERE sid=561 ORDER BY addTime desc  [ RunTime:0.000391s ]
SQL: SELECT * FROM `reply` WHERE sid=616 ORDER BY addTime desc  [ RunTime:0.000336s ]
SQL: SELECT * FROM `reply` WHERE sid=671 ORDER BY addTime desc  [ RunTime:0.000326s ]
SQL: SELECT * FROM `reply` WHERE sid=656 ORDER BY addTime desc  [ RunTime:0.000312s ]
SQL: SELECT * FROM `reply` WHERE sid=655 ORDER BY addTime desc  [ RunTime:0.000317s ]
SQL: SELECT * FROM `reply` WHERE sid=654 ORDER BY addTime desc  [ RunTime:0.000319s ]
SQL: SELECT * FROM `reply` WHERE sid=653 ORDER BY addTime desc  [ RunTime:0.000318s ]
SQL: SELECT * FROM `reply` WHERE sid=652 ORDER BY addTime desc  [ RunTime:0.000309s ]
SQL: SELECT * FROM `reply` WHERE sid=651 ORDER BY addTime desc  [ RunTime:0.000305s ]
SQL: SELECT * FROM `reply` WHERE sid=650 ORDER BY addTime desc  [ RunTime:0.000327s ]
SQL: SELECT * FROM `reply` WHERE sid=649 ORDER BY addTime desc  [ RunTime:0.000314s ]
SQL: SELECT * FROM `reply` WHERE sid=648 ORDER BY addTime desc  [ RunTime:0.000307s ]
SQL: SELECT * FROM `reply` WHERE sid=647 ORDER BY addTime desc  [ RunTime:0.000316s ]
SQL: SELECT * FROM `reply` WHERE sid=646 ORDER BY addTime desc  [ RunTime:0.000503s ]
SQL: SELECT * FROM `reply` WHERE sid=657 ORDER BY addTime desc  [ RunTime:0.000328s ]
SQL: SELECT * FROM `reply` WHERE sid=658 ORDER BY addTime desc  [ RunTime:0.000257s ]
SQL: SELECT * FROM `reply` WHERE sid=659 ORDER BY addTime desc  [ RunTime:0.000319s ]
SQL: SELECT * FROM `reply` WHERE sid=670 ORDER BY addTime desc  [ RunTime:0.000316s ]
SQL: SELECT * FROM `reply` WHERE sid=669 ORDER BY addTime desc  [ RunTime:0.000361s ]
SQL: SELECT * FROM `reply` WHERE sid=668 ORDER BY addTime desc  [ RunTime:0.000403s ]
SQL: SELECT * FROM `reply` WHERE sid=667 ORDER BY addTime desc  [ RunTime:0.000286s ]
SQL: SELECT * FROM `reply` WHERE sid=666 ORDER BY addTime desc  [ RunTime:0.000229s ]
SQL: SELECT * FROM `reply` WHERE sid=665 ORDER BY addTime desc  [ RunTime:0.000326s ]
SQL: SELECT * FROM `reply` WHERE sid=664 ORDER BY addTime desc  [ RunTime:0.000319s ]
SQL: SELECT * FROM `reply` WHERE sid=663 ORDER BY addTime desc  [ RunTime:0.000308s ]
SQL: SELECT * FROM `reply` WHERE sid=662 ORDER BY addTime desc  [ RunTime:0.000320s ]
SQL: SELECT * FROM `reply` WHERE sid=661 ORDER BY addTime desc  [ RunTime:0.000316s ]
SQL: SELECT * FROM `reply` WHERE sid=660 ORDER BY addTime desc  [ RunTime:0.000317s ]
SQL: SELECT * FROM `reply` WHERE sid=645 ORDER BY addTime desc  [ RunTime:0.000308s ]
SQL: SELECT * FROM `reply` WHERE sid=644 ORDER BY addTime desc  [ RunTime:0.000321s ]
SQL: SELECT * FROM `reply` WHERE sid=643 ORDER BY addTime desc  [ RunTime:0.000305s ]
SQL: SELECT * FROM `reply` WHERE sid=628 ORDER BY addTime desc  [ RunTime:0.000307s ]
SQL: SELECT * FROM `reply` WHERE sid=627 ORDER BY addTime desc  [ RunTime:0.000309s ]
SQL: SELECT * FROM `reply` WHERE sid=626 ORDER BY addTime desc  [ RunTime:0.000201s ]
SQL: SELECT * FROM `reply` WHERE sid=625 ORDER BY addTime desc  [ RunTime:0.000194s ]
SQL: SELECT * FROM `reply` WHERE sid=624 ORDER BY addTime desc  [ RunTime:0.000194s ]
SQL: SELECT * FROM `reply` WHERE sid=623 ORDER BY addTime desc  [ RunTime:0.000201s ]
SQL: SELECT * FROM `reply` WHERE sid=622 ORDER BY addTime desc  [ RunTime:0.000200s ]
SQL: SELECT * FROM `reply` WHERE sid=621 ORDER BY addTime desc  [ RunTime:0.000199s ]
SQL: SELECT * FROM `reply` WHERE sid=620 ORDER BY addTime desc  [ RunTime:0.000197s ]
SQL: SELECT * FROM `reply` WHERE sid=619 ORDER BY addTime desc  [ RunTime:0.000198s ]
SQL: SELECT * FROM `reply` WHERE sid=618 ORDER BY addTime desc  [ RunTime:0.000268s ]
SQL: SELECT * FROM `reply` WHERE sid=629 ORDER BY addTime desc  [ RunTime:0.000283s ]
SQL: SELECT * FROM `reply` WHERE sid=630 ORDER BY addTime desc  [ RunTime:0.000225s ]
SQL: SELECT * FROM `reply` WHERE sid=631 ORDER BY addTime desc  [ RunTime:0.000202s ]
SQL: SELECT * FROM `reply` WHERE sid=642 ORDER BY addTime desc  [ RunTime:0.000201s ]
NOTIC: [8] Undefined variable: replies D:\APMServ5.2.6\www\facemash\app\Lib\Action\rankingAction.class.php 第 20 行.
INFO: [ view_template ] --START--
INFO: Run LocationTemplate Behavior [ RunTime:-0.144608s ]
INFO: [ view_template ] --END-- [ RunTime:0.002818s ]
INFO: [ view_parse ] --START--
INFO: Run ParseTemplate Behavior [ RunTime:-0.147535s ]
INFO: [ view_parse ] --END-- [ RunTime:0.025002s ]
INFO: [ view_filter ] --START--
INFO: Run ContentReplace Behavior [ RunTime:-0.172632s ]
INFO: Run TokenBuild Behavior [ RunTime:-0.174738s ]
INFO: Run WriteHtmlCache Behavior [ RunTime:-0.176070s ]
INFO: Run ShowRuntime Behavior [ RunTime:-0.177222s ]
INFO: [ view_filter ] --END-- [ RunTime:0.006058s ]
INFO: [ view_end ] --START--
INFO: Run ShowPageTrace Behavior [ RunTime:-0.178882s ]
INFO: [ view_end ] --END-- [ RunTime:0.001621s ]

[ 2012-12-10T17:20:08+08:00 ] ERR: (ThinkException) 无法加载模块:favicon
[ 2012-12-10T17:20:24+08:00 ] 127.0.0.1 /appeal
INFO: [ route_check ] --START--
INFO: Run CheckRoute Behavior [ RunTime:0.003070s ]
INFO: [ route_check ] --END-- [ RunTime:0.003357s ]
INFO: [ app_begin ] --START--
INFO: Run ReadHtmlCache Behavior [ RunTime:-0.002222s ]
INFO: [ app_begin ] --END-- [ RunTime:0.004078s ]
INFO: [ view_template ] --START--
INFO: Run LocationTemplate Behavior [ RunTime:-0.043894s ]
INFO: [ view_template ] --END-- [ RunTime:0.020168s ]
INFO: [ view_parse ] --START--
NOTIC: [8] Undefined variable: msg D:\APMServ5.2.6\www\facemash\app\Runtime\Cache\4b00a5566e92f702e42517aae742f22d.php 第 35 行.
INFO: Run ParseTemplate Behavior [ RunTime:-0.064248s ]
INFO: [ view_parse ] --END-- [ RunTime:0.069817s ]
INFO: [ view_filter ] --START--
INFO: Run ContentReplace Behavior [ RunTime:-0.134221s ]
INFO: Run TokenBuild Behavior [ RunTime:-0.137565s ]
INFO: Run WriteHtmlCache Behavior [ RunTime:-0.140644s ]
INFO: Run ShowRuntime Behavior [ RunTime:-0.143842s ]
INFO: [ view_filter ] --END-- [ RunTime:0.015623s ]
INFO: [ view_end ] --START--
INFO: Run ShowPageTrace Behavior [ RunTime:-0.150138s ]
INFO: [ view_end ] --END-- [ RunTime:0.003176s ]

[ 2012-12-10T17:20:24+08:00 ] ERR: (ThinkException) 无法加载模块:favicon
[ 2012-12-10T17:20:27+08:00 ] 127.0.0.1 /
INFO: [ app_begin ] --START--
INFO: Run ReadHtmlCache Behavior [ RunTime:0.001178s ]
INFO: [ app_begin ] --END-- [ RunTime:0.001294s ]
SQL: SHOW COLUMNS FROM `list` [ RunTime:0.002383s ]
SQL: select * from list where id in(226,519) and isShow=1 [ RunTime:0.001683s ]
INFO: [ view_template ] --START--
INFO: Run LocationTemplate Behavior [ RunTime:-0.014242s ]
INFO: [ view_template ] --END-- [ RunTime:0.001670s ]
INFO: [ view_parse ] --START--
INFO: Run ParseTemplate Behavior [ RunTime:-0.015982s ]
INFO: [ view_parse ] --END-- [ RunTime:0.017205s ]
INFO: [ view_filter ] --START--
INFO: Run ContentReplace Behavior [ RunTime:-0.033259s ]
INFO: Run TokenBuild Behavior [ RunTime:-0.034641s ]
INFO: Run WriteHtmlCache Behavior [ RunTime:-0.036106s ]
INFO: Run ShowRuntime Behavior [ RunTime:-0.037277s ]
INFO: [ view_filter ] --END-- [ RunTime:0.005425s ]
INFO: [ view_end ] --START--
INFO: Run ShowPageTrace Behavior [ RunTime:-0.038807s ]
INFO: [ view_end ] --END-- [ RunTime:0.001252s ]

[ 2012-12-10T17:20:27+08:00 ] ERR: (ThinkException) 无法加载模块:favicon
[ 2012-12-10T17:20:52+08:00 ] 127.0.0.1 /
INFO: [ app_begin ] --START--
INFO: Run ReadHtmlCache Behavior [ RunTime:0.001206s ]
INFO: [ app_begin ] --END-- [ RunTime:0.001322s ]
SQL: SHOW COLUMNS FROM `list` [ RunTime:0.002572s ]
SQL: select * from list where id in(806,119) and isShow=1 [ RunTime:0.001691s ]
INFO: [ view_template ] --START--
INFO: Run LocationTemplate Behavior [ RunTime:-0.014207s ]
INFO: [ view_template ] --END-- [ RunTime:0.002007s ]
INFO: [ view_parse ] --START--
INFO: Run ParseTemplate Behavior [ RunTime:-0.016298s ]
INFO: [ view_parse ] --END-- [ RunTime:0.019549s ]
INFO: [ view_filter ] --START--
INFO: Run ContentReplace Behavior [ RunTime:-0.035918s ]
INFO: Run TokenBuild Behavior [ RunTime:-0.037262s ]
INFO: Run WriteHtmlCache Behavior [ RunTime:-0.038470s ]
INFO: Run ShowRuntime Behavior [ RunTime:-0.039651s ]
INFO: [ view_filter ] --END-- [ RunTime:0.005065s ]
INFO: [ view_end ] --START--
INFO: Run ShowPageTrace Behavior [ RunTime:-0.041097s ]
INFO: [ view_end ] --END-- [ RunTime:0.001269s ]

