[ 2012-12-11T11:07:56+08:00 ] 127.0.0.1 /
INFO: [ app_begin ] --START--
INFO: Run ReadHtmlCache Behavior [ RunTime:0.442697s ]
INFO: [ app_begin ] --END-- [ RunTime:0.443023s ]
SQL: SHOW COLUMNS FROM `list` [ RunTime:0.123561s ]
SQL: select * from list where id in(708,308) and isShow=1 [ RunTime:0.021393s ]
INFO: [ view_template ] --START--
INFO: Run LocationTemplate Behavior [ RunTime:-0.882195s ]
INFO: [ view_template ] --END-- [ RunTime:0.039325s ]
INFO: [ view_parse ] --START--
INFO: Run ParseTemplate Behavior [ RunTime:-0.921729s ]
INFO: [ view_parse ] --END-- [ RunTime:0.223490s ]
INFO: [ view_filter ] --START--
INFO: Run ContentReplace Behavior [ RunTime:-1.145380s ]
INFO: Run TokenBuild Behavior [ RunTime:-1.181171s ]
INFO: Run WriteHtmlCache Behavior [ RunTime:-1.186419s ]
INFO: Run ShowRuntime Behavior [ RunTime:-1.196731s ]
INFO: [ view_filter ] --END-- [ RunTime:0.076237s ]
INFO: [ view_end ] --START--
INFO: Run ShowPageTrace Behavior [ RunTime:-1.221942s ]
INFO: [ view_end ] --END-- [ RunTime:0.005968s ]

[ 2012-12-11T11:07:57+08:00 ] ERR: (ThinkException) 无法加载模块:favicon
