[ 2012-12-21T10:01:24+08:00 ] 127.0.0.1 /
INFO: [ app_begin ] --START--
INFO: Run ReadHtmlCache Behavior [ RunTime:0.131254s ]
INFO: [ app_begin ] --END-- [ RunTime:0.131560s ]
SQL: SHOW COLUMNS FROM `list` [ RunTime:0.448567s ]
SQL: select * from list where id in(201,656) and isShow=1 [ RunTime:0.245662s ]
INFO: [ view_template ] --START--
INFO: Run LocationTemplate Behavior [ RunTime:-2.018463s ]
INFO: [ view_template ] --END-- [ RunTime:0.087928s ]
INFO: [ view_parse ] --START--
INFO: Run ParseTemplate Behavior [ RunTime:-2.106477s ]
INFO: [ view_parse ] --END-- [ RunTime:0.887824s ]
INFO: [ view_filter ] --START--
INFO: Run ContentReplace Behavior [ RunTime:-2.994560s ]
INFO: Run TokenBuild Behavior [ RunTime:-3.097193s ]
INFO: Run WriteHtmlCache Behavior [ RunTime:-3.165557s ]
INFO: Run ShowRuntime Behavior [ RunTime:-3.206463s ]
INFO: [ view_filter ] --END-- [ RunTime:0.347639s ]
INFO: [ view_end ] --START--
INFO: Run ShowPageTrace Behavior [ RunTime:-3.342552s ]
INFO: [ view_end ] --END-- [ RunTime:0.037334s ]

[ 2012-12-21T10:01:25+08:00 ] ERR: (ThinkException) 非法操作:global
[ 2012-12-21T10:01:25+08:00 ] ERR: (ThinkException) 无法加载模块:favicon
[ 2012-12-21T10:01:28+08:00 ] ERR: (ThinkException) 无法加载模块:favicon
[ 2012-12-21T10:08:52+08:00 ] 127.0.0.1 /
INFO: [ app_begin ] --START--
INFO: Run ReadHtmlCache Behavior [ RunTime:0.001789s ]
INFO: [ app_begin ] --END-- [ RunTime:0.002076s ]
SQL: SHOW COLUMNS FROM `list` [ RunTime:0.005434s ]
SQL: select * from list where id in(767,92) and isShow=1 [ RunTime:0.033792s ]
INFO: [ view_template ] --START--
INFO: Run LocationTemplate Behavior [ RunTime:-0.057613s ]
INFO: [ view_template ] --END-- [ RunTime:0.006245s ]
INFO: [ view_parse ] --START--
INFO: Run ParseTemplate Behavior [ RunTime:-0.064069s ]
INFO: [ view_parse ] --END-- [ RunTime:0.064591s ]
INFO: [ view_filter ] --START--
INFO: Run ContentReplace Behavior [ RunTime:-0.128848s ]
INFO: Run TokenBuild Behavior [ RunTime:-0.131717s ]
INFO: Run WriteHtmlCache Behavior [ RunTime:-0.133497s ]
INFO: Run ShowRuntime Behavior [ RunTime:-0.135054s ]
INFO: [ view_filter ] --END-- [ RunTime:0.009560s ]
INFO: [ view_end ] --START--
INFO: Run ShowPageTrace Behavior [ RunTime:-0.138749s ]
INFO: [ view_end ] --END-- [ RunTime:0.002257s ]

[ 2012-12-21T10:08:53+08:00 ] ERR: (ThinkException) 无法加载模块:favicon
[ 2012-12-21T10:09:47+08:00 ] 127.0.0.1 /
INFO: [ app_begin ] --START--
INFO: Run ReadHtmlCache Behavior [ RunTime:0.001795s ]
INFO: [ app_begin ] --END-- [ RunTime:0.002070s ]
SQL: SHOW COLUMNS FROM `list` [ RunTime:0.004932s ]
SQL: select * from list where id in(803,431) and isShow=1 [ RunTime:0.004208s ]
INFO: [ view_template ] --START--
INFO: Run LocationTemplate Behavior [ RunTime:-0.028079s ]
INFO: [ view_template ] --END-- [ RunTime:0.003218s ]
INFO: [ view_parse ] --START--
INFO: Run ParseTemplate Behavior [ RunTime:-0.031484s ]
INFO: [ view_parse ] --END-- [ RunTime:0.067915s ]
INFO: [ view_filter ] --START--
INFO: Run ContentReplace Behavior [ RunTime:-0.099422s ]
INFO: Run TokenBuild Behavior [ RunTime:-0.100290s ]
INFO: Run WriteHtmlCache Behavior [ RunTime:-0.101013s ]
INFO: Run ShowRuntime Behavior [ RunTime:-0.102891s ]
INFO: [ view_filter ] --END-- [ RunTime:0.004327s ]
INFO: [ view_end ] --START--
INFO: Run ShowPageTrace Behavior [ RunTime:-0.103888s ]
INFO: [ view_end ] --END-- [ RunTime:0.000771s ]

[ 2012-12-21T10:09:47+08:00 ] ERR: (ThinkException) 无法加载模块:favicon
[ 2012-12-21T10:10:43+08:00 ] 127.0.0.1 /
INFO: [ app_begin ] --START--
INFO: Run ReadHtmlCache Behavior [ RunTime:0.001706s ]
INFO: [ app_begin ] --END-- [ RunTime:0.001971s ]
SQL: SHOW COLUMNS FROM `list` [ RunTime:0.005139s ]
SQL: select * from list where id in(53,860) and isShow=1 [ RunTime:0.015123s ]
INFO: [ view_template ] --START--
INFO: Run LocationTemplate Behavior [ RunTime:-0.039012s ]
INFO: [ view_template ] --END-- [ RunTime:0.003086s ]
INFO: [ view_parse ] --START--
INFO: Run ParseTemplate Behavior [ RunTime:-0.042275s ]
INFO: [ view_parse ] --END-- [ RunTime:0.058888s ]
INFO: [ view_filter ] --START--
INFO: Run ContentReplace Behavior [ RunTime:-0.101366s ]
INFO: Run TokenBuild Behavior [ RunTime:-0.103588s ]
INFO: Run WriteHtmlCache Behavior [ RunTime:-0.105479s ]
INFO: Run ShowRuntime Behavior [ RunTime:-0.107083s ]
INFO: [ view_filter ] --END-- [ RunTime:0.007724s ]
INFO: [ view_end ] --START--
INFO: Run ShowPageTrace Behavior [ RunTime:-0.109418s ]
INFO: [ view_end ] --END-- [ RunTime:0.001990s ]

[ 2012-12-21T10:10:43+08:00 ] ERR: (ThinkException) 无法加载模块:favicon
[ 2012-12-21T10:10:49+08:00 ] 127.0.0.1 /
INFO: [ app_begin ] --START--
INFO: Run ReadHtmlCache Behavior [ RunTime:0.000963s ]
INFO: [ app_begin ] --END-- [ RunTime:0.001237s ]
SQL: SHOW COLUMNS FROM `list` [ RunTime:0.006111s ]
SQL: select * from list where id in(24,295) and isShow=1 [ RunTime:0.002599s ]
INFO: [ view_template ] --START--
INFO: Run LocationTemplate Behavior [ RunTime:-0.025114s ]
INFO: [ view_template ] --END-- [ RunTime:0.001192s ]
INFO: [ view_parse ] --START--
INFO: Run ParseTemplate Behavior [ RunTime:-0.026483s ]
INFO: [ view_parse ] --END-- [ RunTime:0.075609s ]
INFO: [ view_filter ] --START--
INFO: Run ContentReplace Behavior [ RunTime:-0.102292s ]
INFO: Run TokenBuild Behavior [ RunTime:-0.103523s ]
INFO: Run WriteHtmlCache Behavior [ RunTime:-0.104569s ]
INFO: Run ShowRuntime Behavior [ RunTime:-0.105372s ]
INFO: [ view_filter ] --END-- [ RunTime:0.004246s ]
INFO: [ view_end ] --START--
INFO: Run ShowPageTrace Behavior [ RunTime:-0.106864s ]
INFO: [ view_end ] --END-- [ RunTime:0.001041s ]

[ 2012-12-21T10:10:49+08:00 ] ERR: (ThinkException) 无法加载模块:favicon
