[ 2013-02-08T23:49:22+08:00 ] 127.0.0.1 /
INFO: [ app_begin ] --START--
INFO: Run ReadHtmlCache Behavior [ RunTime:0.016520s ]
INFO: [ app_begin ] --END-- [ RunTime:0.016977s ]
SQL: SHOW COLUMNS FROM `list` [ RunTime:0.183807s ]
SQL: select * from list where isShow=1 and id>((select MAX(id) from list)-(select MIN(id) from list))/2 order by rand() limit 2 [ RunTime:0.061125s ]
INFO: [ view_template ] --START--
INFO: Run LocationTemplate Behavior [ RunTime:-0.584178s ]
INFO: [ view_template ] --END-- [ RunTime:0.008542s ]
INFO: [ view_parse ] --START--
INFO: Run ParseTemplate Behavior [ RunTime:-0.593110s ]
INFO: [ view_parse ] --END-- [ RunTime:0.060042s ]
INFO: [ view_filter ] --START--
INFO: Run ContentReplace Behavior [ RunTime:-0.653404s ]
INFO: Run TokenBuild Behavior [ RunTime:-0.679349s ]
INFO: Run WriteHtmlCache Behavior [ RunTime:-0.683801s ]
INFO: Run ShowRuntime Behavior [ RunTime:-0.685444s ]
INFO: [ view_filter ] --END-- [ RunTime:0.035640s ]
INFO: [ view_end ] --START--
INFO: Run ShowPageTrace Behavior [ RunTime:-0.689556s ]
INFO: [ view_end ] --END-- [ RunTime:0.002826s ]

[ 2013-02-08T23:49:23+08:00 ] ERR: (ThinkException) 无法加载模块:favicon
