[ 2013-02-09T00:00:00+08:00 ] 127.0.0.1 /
INFO: [ app_begin ] --START--
INFO: Run ReadHtmlCache Behavior [ RunTime:0.001441s ]
INFO: [ app_begin ] --END-- [ RunTime:0.001772s ]
SQL: SHOW COLUMNS FROM `list` [ RunTime:0.001695s ]
SQL: select * from list where isShow=1 and id<((select MAX(id) from list)-(select MIN(id) from list))/6 order by rand() limit 2 [ RunTime:0.001371s ]
INFO: [ view_template ] --START--
INFO: Run LocationTemplate Behavior [ RunTime:-0.022597s ]
INFO: [ view_template ] --END-- [ RunTime:0.001870s ]
INFO: [ view_parse ] --START--
INFO: Run ParseTemplate Behavior [ RunTime:-0.024747s ]
INFO: [ view_parse ] --END-- [ RunTime:0.041149s ]
INFO: [ view_filter ] --START--
INFO: Run ContentReplace Behavior [ RunTime:-0.066159s ]
INFO: Run TokenBuild Behavior [ RunTime:-0.067641s ]
INFO: Run WriteHtmlCache Behavior [ RunTime:-0.069302s ]
INFO: Run ShowRuntime Behavior [ RunTime:-0.070288s ]
INFO: [ view_filter ] --END-- [ RunTime:0.005896s ]
INFO: [ view_end ] --START--
INFO: Run ShowPageTrace Behavior [ RunTime:-0.072416s ]
INFO: [ view_end ] --END-- [ RunTime:0.001892s ]

[ 2013-02-09T00:00:00+08:00 ] ERR: (ThinkException) 无法加载模块:favicon
